This is pdfTeX, Version 3.141592653-2.6-1.40.24 (MiKTeX 22.10) (preloaded format=pdflatex 2022.11.26)  1 DEC 2022 00:17
entering extended mode
 restricted \write18 enabled.
 file:line:error style messages enabled.
 %&-line parsing enabled.
**"e:/Cloud/OneDrive/Present/Sem 11/P475/Project/CTQW-graph-isomorphism/report/report.tex"
(e:/Cloud/OneDrive/Present/Sem 11/P475/Project/CTQW-graph-isomorphism/report/report.tex
LaTeX2e <2022-06-01> patch level 5
L3 programming layer <2022-09-28> (C:\Users\JeS73\AppData\Local\Programs\MiKTeX\tex/latex/base\article.cls
Document Class: article 2021/10/04 v1.4n Standard LaTeX document class
(C:\Users\JeS73\AppData\Local\Programs\MiKTeX\tex/latex/base\size10.clo
File: size10.clo 2021/10/04 v1.4n Standard LaTeX file (size option)
)
\c@part=\count185
\c@section=\count186
\c@subsection=\count187
\c@subsubsection=\count188
\c@paragraph=\count189
\c@subparagraph=\count190
\c@figure=\count191
\c@table=\count192
\abovecaptionskip=\skip47
\belowcaptionskip=\skip48
\bibindent=\dimen138
) (C:\Users\JeS73\AppData\Local\Programs\MiKTeX\tex/latex/abstract\abstract.sty
Package: abstract 2009/06/08 v1.2a configurable abstracts
\abstitleskip=\skip49
\absleftindent=\skip50
\absrightindent=\skip51
\absparindent=\skip52
\absparsep=\skip53
) (C:\Users\JeS73\AppData\Local\Programs\MiKTeX\tex/latex/float\float.sty
Package: float 2001/11/08 v1.3d Float enhancements (AL)
\c@float@type=\count193
\float@exts=\toks16
\float@box=\box51
\@float@everytoks=\toks17
\@floatcapt=\box52
) (C:\Users\JeS73\AppData\Local\Programs\MiKTeX\tex/latex/biblatex\biblatex.sty
Package: biblatex 2022/07/12 v3.18b programmable bibliographies (PK/MW)
 (C:\Users\JeS73\AppData\Local\Programs\MiKTeX\tex/generic/pdftexcmds\pdftexcmds.sty
Package: pdftexcmds 2020-06-27 v0.33 Utility functions of pdfTeX for LuaTeX (HO)
 (C:\Users\JeS73\AppData\Local\Programs\MiKTeX\tex/generic/infwarerr\infwarerr.sty
Package: infwarerr 2019/12/03 v1.5 Providing info/warning/error messages (HO)
) (C:\Users\JeS73\AppData\Local\Programs\MiKTeX\tex/generic/iftex\iftex.sty
Package: iftex 2022/02/03 v1.0f TeX engine tests
) (C:\Users\JeS73\AppData\Local\Programs\MiKTeX\tex/generic/ltxcmds\ltxcmds.sty
Package: ltxcmds 2020-05-10 v1.25 LaTeX kernel commands for general use (HO)
)
Package pdftexcmds Info: \pdf@primitive is available.
Package pdftexcmds Info: \pdf@ifprimitive is available.
Package pdftexcmds Info: \pdfdraftmode found.
) (C:\Users\JeS73\AppData\Local\Programs\MiKTeX\tex/latex/etoolbox\etoolbox.sty
Package: etoolbox 2020/10/05 v2.5k e-TeX tools for LaTeX (JAW)
\etb@tempcnta=\count194
) (C:\Users\JeS73\AppData\Local\Programs\MiKTeX\tex/latex/graphics\keyval.sty
Package: keyval 2022/05/29 v1.15 key=value parser (DPC)
\KV@toks@=\toks18
) (C:\Users\JeS73\AppData\Local\Programs\MiKTeX\tex/latex/kvoptions\kvoptions.sty
Package: kvoptions 2022-06-15 v3.15 Key value format for package options (HO)
 (C:\Users\JeS73\AppData\Local\Programs\MiKTeX\tex/generic/kvsetkeys\kvsetkeys.sty
Package: kvsetkeys 2019/12/15 v1.18 Key value parser (HO)
)) (C:\Users\JeS73\AppData\Local\Programs\MiKTeX\tex/latex/logreq\logreq.sty
Package: logreq 2010/08/04 v1.0 xml request logger
\lrq@indent=\count195
 (C:\Users\JeS73\AppData\Local\Programs\MiKTeX\tex/latex/logreq\logreq.def
File: logreq.def 2010/08/04 v1.0 logreq spec v1.0
)) (C:\Users\JeS73\AppData\Local\Programs\MiKTeX\tex/latex/base\ifthen.sty
Package: ifthen 2022/04/13 v1.1d Standard LaTeX ifthen package (DPC)
) (C:\Users\JeS73\AppData\Local\Programs\MiKTeX\tex/latex/url\url.sty
\Urlmuskip=\muskip16
Package: url 2013/09/16  ver 3.4  Verb mode for urls, etc.
)
\c@tabx@nest=\count196
\c@listtotal=\count197
\c@listcount=\count198
\c@liststart=\count199
\c@liststop=\count266
\c@citecount=\count267
\c@citetotal=\count268
\c@multicitecount=\count269
\c@multicitetotal=\count270
\c@instcount=\count271
\c@maxnames=\count272
\c@minnames=\count273
\c@maxitems=\count274
\c@minitems=\count275
\c@citecounter=\count276
\c@maxcitecounter=\count277
\c@savedcitecounter=\count278
\c@uniquelist=\count279
\c@uniquename=\count280
\c@refsection=\count281
\c@refsegment=\count282
\c@maxextratitle=\count283
\c@maxextratitleyear=\count284
\c@maxextraname=\count285
\c@maxextradate=\count286
\c@maxextraalpha=\count287
\c@abbrvpenalty=\count288
\c@highnamepenalty=\count289
\c@lownamepenalty=\count290
\c@maxparens=\count291
\c@parenlevel=\count292
\blx@tempcnta=\count293
\blx@tempcntb=\count294
\blx@tempcntc=\count295
\c@blx@maxsection=\count296
\blx@maxsegment@0=\count297
\blx@notetype=\count298
\blx@parenlevel@text=\count299
\blx@parenlevel@foot=\count300
\blx@sectionciteorder@0=\count301
\blx@sectionciteorderinternal@0=\count302
\blx@entrysetcounter=\count303
\blx@biblioinstance=\count304
\labelnumberwidth=\skip54
\labelalphawidth=\skip55
\biblabelsep=\skip56
\bibitemsep=\skip57
\bibnamesep=\skip58
\bibinitsep=\skip59
\bibparsep=\skip60
\bibhang=\skip61
\blx@bcfin=\read2
\blx@bcfout=\write3
\blx@langwohyphens=\language79
\c@mincomprange=\count305
\c@maxcomprange=\count306
\c@mincompwidth=\count307
Package biblatex Info: Trying to load biblatex default data model...
Package biblatex Info: ... file 'blx-dm.def' found.
 (C:\Users\JeS73\AppData\Local\Programs\MiKTeX\tex/latex/biblatex\blx-dm.def
File: blx-dm.def 2022/07/12 v3.18b biblatex localization (PK/MW)
)
Package biblatex Info: Trying to load biblatex style data model...
Package biblatex Info: ... file 'alphabetic.dbx' not found.
Package biblatex Info: Trying to load biblatex custom data model...
Package biblatex Info: ... file 'biblatex-dm.cfg' not found.
\c@afterword=\count308
\c@savedafterword=\count309
\c@annotator=\count310
\c@savedannotator=\count311
\c@author=\count312
\c@savedauthor=\count313
\c@bookauthor=\count314
\c@savedbookauthor=\count315
\c@commentator=\count316
\c@savedcommentator=\count317
\c@editor=\count318
\c@savededitor=\count319
\c@editora=\count320
\c@savededitora=\count321
\c@editorb=\count322
\c@savededitorb=\count323
\c@editorc=\count324
\c@savededitorc=\count325
\c@foreword=\count326
\c@savedforeword=\count327
\c@holder=\count328
\c@savedholder=\count329
\c@introduction=\count330
\c@savedintroduction=\count331
\c@namea=\count332
\c@savednamea=\count333
\c@nameb=\count334
\c@savednameb=\count335
\c@namec=\count336
\c@savednamec=\count337
\c@translator=\count338
\c@savedtranslator=\count339
\c@shortauthor=\count340
\c@savedshortauthor=\count341
\c@shorteditor=\count342
\c@savedshorteditor=\count343
\c@labelname=\count344
\c@savedlabelname=\count345
\c@institution=\count346
\c@savedinstitution=\count347
\c@lista=\count348
\c@savedlista=\count349
\c@listb=\count350
\c@savedlistb=\count351
\c@listc=\count352
\c@savedlistc=\count353
\c@listd=\count354
\c@savedlistd=\count355
\c@liste=\count356
\c@savedliste=\count357
\c@listf=\count358
\c@savedlistf=\count359
\c@location=\count360
\c@savedlocation=\count361
\c@organization=\count362
\c@savedorganization=\count363
\c@origlocation=\count364
\c@savedoriglocation=\count365
\c@origpublisher=\count366
\c@savedorigpublisher=\count367
\c@publisher=\count368
\c@savedpublisher=\count369
\c@language=\count370
\c@savedlanguage=\count371
\c@origlanguage=\count372
\c@savedoriglanguage=\count373
\c@pageref=\count374
\c@savedpageref=\count375
\shorthandwidth=\skip62
\shortjournalwidth=\skip63
\shortserieswidth=\skip64
\shorttitlewidth=\skip65
\shortauthorwidth=\skip66
\shorteditorwidth=\skip67
\locallabelnumberwidth=\skip68
\locallabelalphawidth=\skip69
\localshorthandwidth=\skip70
\localshortjournalwidth=\skip71
\localshortserieswidth=\skip72
\localshorttitlewidth=\skip73
\localshortauthorwidth=\skip74
\localshorteditorwidth=\skip75
Package biblatex Info: Trying to load compatibility code...
Package biblatex Info: ... file 'blx-compat.def' found.
 (C:\Users\JeS73\AppData\Local\Programs\MiKTeX\tex/latex/biblatex\blx-compat.def
File: blx-compat.def 2022/07/12 v3.18b biblatex compatibility (PK/MW)
)

C:\Users\JeS73\AppData\Local\Programs\MiKTeX\tex/latex/biblatex\biblatex.sty:16113: Package biblatex Error: Option 'backend=biblatex' invalid.

See the biblatex package documentation for explanation.
Type  H <return>  for immediate help.
 ...                                              
                                                  
l.16113 \ProcessOptions*
                        
The option you have supplied is invalid.
See the biblatex manual for valid option keys and possible values.

Package biblatex Info: Trying to load generic definitions...
Package biblatex Info: ... file 'biblatex.def' found.
(C:\Users\JeS73\AppData\Local\Programs\MiKTeX\tex/latex/biblatex\biblatex.def
File: biblatex.def 2022/07/12 v3.18b biblatex compatibility (PK/MW)
\c@textcitecount=\count376
\c@textcitetotal=\count377
\c@textcitemaxnames=\count378
\c@biburlbigbreakpenalty=\count379
\c@biburlbreakpenalty=\count380
\c@biburlnumpenalty=\count381
\c@biburlucpenalty=\count382
\c@biburllcpenalty=\count383
\biburlbigskip=\muskip17
\biburlnumskip=\muskip18
\biburlucskip=\muskip19
\biburllcskip=\muskip20
\c@smartand=\count384
)
Package biblatex Info: Trying to load bibliography style 'alphabetic'...
Package biblatex Info: ... file 'alphabetic.bbx' found.
 (C:\Users\JeS73\AppData\Local\Programs\MiKTeX\tex/latex/biblatex/bbx\alphabetic.bbx
File: alphabetic.bbx 2022/07/12 v3.18b biblatex bibliography style (PK/MW)
Package biblatex Info: Trying to load bibliography style 'standard'...
Package biblatex Info: ... file 'standard.bbx' found.
 (C:\Users\JeS73\AppData\Local\Programs\MiKTeX\tex/latex/biblatex/bbx\standard.bbx
File: standard.bbx 2022/07/12 v3.18b biblatex bibliography style (PK/MW)
\c@bbx:relatedcount=\count385
\c@bbx:relatedtotal=\count386
))
Package biblatex Info: Trying to load citation style 'alphabetic'...
Package biblatex Info: ... file 'alphabetic.cbx' found.
 (C:\Users\JeS73\AppData\Local\Programs\MiKTeX\tex/latex/biblatex/cbx\alphabetic.cbx
File: alphabetic.cbx 2022/07/12 v3.18b biblatex citation style (PK/MW)
Package biblatex Info: Redefining '\cite'.
Package biblatex Info: Redefining '\parencite'.
Package biblatex Info: Redefining '\footcite'.
Package biblatex Info: Redefining '\footcitetext'.
Package biblatex Info: Redefining '\smartcite'.
Package biblatex Info: Redefining '\textcite'.
Package biblatex Info: Redefining '\textcites'.
Package biblatex Info: Redefining '\cites'.
Package biblatex Info: Redefining '\parencites'.
Package biblatex Info: Redefining '\smartcites'.
)
Package biblatex Info: Trying to load configuration file...
Package biblatex Info: ... file 'biblatex.cfg' found.
 (C:\Users\JeS73\AppData\Local\Programs\MiKTeX\tex/latex/biblatex\biblatex.cfg
File: biblatex.cfg 
)
Package biblatex Info: Input encoding 'utf8' detected.
Package biblatex Info: Document encoding is UTF8 ....
 (C:\Users\JeS73\AppData\Local\Programs\MiKTeX\tex/latex/l3kernel\expl3.sty
Package: expl3 2022-09-28 L3 programming layer (loader) 
 (C:\Users\JeS73\AppData\Local\Programs\MiKTeX\tex/latex/l3backend\l3backend-pdftex.def
File: l3backend-pdftex.def 2022-09-28 L3 backend support: PDF output (pdfTeX)
\l__color_backend_stack_int=\count387
\l__pdf_internal_box=\box53
))
Package biblatex Info: ... and expl3
(biblatex)             2022-09-28 L3 programming layer (loader) 
(biblatex)             is new enough (at least 2020/04/06),
(biblatex)             setting 'casechanger=expl3'.
 (C:\Users\JeS73\AppData\Local\Programs\MiKTeX\tex/latex/biblatex\blx-case-expl3.sty (C:\Users\JeS73\AppData\Local\Programs\MiKTeX\tex/latex/l3packages/xparse\xparse.sty
Package: xparse 2022-06-22 L3 Experimental document command parser
)
Package: blx-case-expl3 2022/07/12 v3.18b expl3 case changing code for biblatex
)) (custom.tex (C:\Users\JeS73\AppData\Local\Programs\MiKTeX\tex/latex/amsmath\amsmath.sty
Package: amsmath 2022/04/08 v2.17n AMS math features
\@mathmargin=\skip76

For additional information on amsmath, use the `?' option.
(C:\Users\JeS73\AppData\Local\Programs\MiKTeX\tex/latex/amsmath\amstext.sty
Package: amstext 2021/08/26 v2.01 AMS text
 (C:\Users\JeS73\AppData\Local\Programs\MiKTeX\tex/latex/amsmath\amsgen.sty
File: amsgen.sty 1999/11/30 v2.0 generic functions
\@emptytoks=\toks19
\ex@=\dimen139
)) (C:\Users\JeS73\AppData\Local\Programs\MiKTeX\tex/latex/amsmath\amsbsy.sty
Package: amsbsy 1999/11/29 v1.2d Bold Symbols
\pmbraise@=\dimen140
) (C:\Users\JeS73\AppData\Local\Programs\MiKTeX\tex/latex/amsmath\amsopn.sty
Package: amsopn 2022/04/08 v2.04 operator names
)
\inf@bad=\count388
LaTeX Info: Redefining \frac on input line 234.
\uproot@=\count389
\leftroot@=\count390
LaTeX Info: Redefining \overline on input line 399.
LaTeX Info: Redefining \colon on input line 410.
\classnum@=\count391
\DOTSCASE@=\count392
LaTeX Info: Redefining \ldots on input line 496.
LaTeX Info: Redefining \dots on input line 499.
LaTeX Info: Redefining \cdots on input line 620.
\Mathstrutbox@=\box54
\strutbox@=\box55
LaTeX Info: Redefining \big on input line 722.
LaTeX Info: Redefining \Big on input line 723.
LaTeX Info: Redefining \bigg on input line 724.
LaTeX Info: Redefining \Bigg on input line 725.
\big@size=\dimen141
LaTeX Font Info:    Redeclaring font encoding OML on input line 743.
LaTeX Font Info:    Redeclaring font encoding OMS on input line 744.
\macc@depth=\count393
LaTeX Info: Redefining \bmod on input line 905.
LaTeX Info: Redefining \pmod on input line 910.
LaTeX Info: Redefining \smash on input line 940.
LaTeX Info: Redefining \relbar on input line 970.
LaTeX Info: Redefining \Relbar on input line 971.
\c@MaxMatrixCols=\count394
\dotsspace@=\muskip21
\c@parentequation=\count395
\dspbrk@lvl=\count396
\tag@help=\toks20
\row@=\count397
\column@=\count398
\maxfields@=\count399
\andhelp@=\toks21
\eqnshift@=\dimen142
\alignsep@=\dimen143
\tagshift@=\dimen144
\tagwidth@=\dimen145
\totwidth@=\dimen146
\lineht@=\dimen147
\@envbody=\toks22
\multlinegap=\skip77
\multlinetaggap=\skip78
\mathdisplay@stack=\toks23
LaTeX Info: Redefining \[ on input line 2953.
LaTeX Info: Redefining \] on input line 2954.
) (C:\Users\JeS73\AppData\Local\Programs\MiKTeX\tex/latex/amscls\amsthm.sty
Package: amsthm 2020/05/29 v2.20.6
\thm@style=\toks24
\thm@bodyfont=\toks25
\thm@headfont=\toks26
\thm@notefont=\toks27
\thm@headpunct=\toks28
\thm@preskip=\skip79
\thm@postskip=\skip80
\thm@headsep=\skip81
\dth@everypar=\toks29
) (C:\Users\JeS73\AppData\Local\Programs\MiKTeX\tex/latex/amsfonts\amssymb.sty
Package: amssymb 2013/01/14 v3.01 AMS font symbols
 (C:\Users\JeS73\AppData\Local\Programs\MiKTeX\tex/latex/amsfonts\amsfonts.sty
Package: amsfonts 2013/01/14 v3.01 Basic AMSFonts support
\symAMSa=\mathgroup4
\symAMSb=\mathgroup5
LaTeX Font Info:    Redeclaring math symbol \hbar on input line 98.
LaTeX Font Info:    Overwriting math alphabet `\mathfrak' in version `bold'
(Font)                  U/euf/m/n --> U/euf/b/n on input line 106.
)) (C:\Users\JeS73\AppData\Local\Programs\MiKTeX\tex/latex/mathtools\mathtools.sty
Package: mathtools 2022/06/29 v1.29 mathematical typesetting tools
 (C:\Users\JeS73\AppData\Local\Programs\MiKTeX\tex/latex/tools\calc.sty
Package: calc 2017/05/25 v4.3 Infix arithmetic (KKT,FJ)
\calc@Acount=\count400
\calc@Bcount=\count401
\calc@Adimen=\dimen148
\calc@Bdimen=\dimen149
\calc@Askip=\skip82
\calc@Bskip=\skip83
LaTeX Info: Redefining \setlength on input line 80.
LaTeX Info: Redefining \addtolength on input line 81.
\calc@Ccount=\count402
\calc@Cskip=\skip84
) (C:\Users\JeS73\AppData\Local\Programs\MiKTeX\tex/latex/mathtools\mhsetup.sty
Package: mhsetup 2021/03/18 v1.4 programming setup (MH)
)
\g_MT_multlinerow_int=\count403
\l_MT_multwidth_dim=\dimen150
\origjot=\skip85
\l_MT_shortvdotswithinadjustabove_dim=\dimen151
\l_MT_shortvdotswithinadjustbelow_dim=\dimen152
\l_MT_above_intertext_sep=\dimen153
\l_MT_below_intertext_sep=\dimen154
\l_MT_above_shortintertext_sep=\dimen155
\l_MT_below_shortintertext_sep=\dimen156
\xmathstrut@box=\box56
\xmathstrut@dim=\dimen157
) (C:\Users\JeS73\AppData\Local\Programs\MiKTeX\tex/latex/psnfss\mathpazo.sty
Package: mathpazo 2020/03/25 PSNFSS-v9.3 Palatino w/ Pazo Math (D.Puga, WaS) 
\symupright=\mathgroup6
) (C:\Users\JeS73\AppData\Local\Programs\MiKTeX\tex/latex/physics\physics.sty
Package: physics 
) (C:\Users\JeS73\AppData\Local\Programs\MiKTeX\tex/latex/graphics\graphicx.sty
Package: graphicx 2021/09/16 v1.2d Enhanced LaTeX Graphics (DPC,SPQR)
 (C:\Users\JeS73\AppData\Local\Programs\MiKTeX\tex/latex/graphics\graphics.sty
Package: graphics 2022/03/10 v1.4e Standard LaTeX Graphics (DPC,SPQR)
 (C:\Users\JeS73\AppData\Local\Programs\MiKTeX\tex/latex/graphics\trig.sty
Package: trig 2021/08/11 v1.11 sin cos tan (DPC)
) (C:\Users\JeS73\AppData\Local\Programs\MiKTeX\tex/latex/graphics-cfg\graphics.cfg
File: graphics.cfg 2016/06/04 v1.11 sample graphics configuration
)
Package graphics Info: Driver file: pdftex.def on input line 107.
 (C:\Users\JeS73\AppData\Local\Programs\MiKTeX\tex/latex/graphics-def\pdftex.def
File: pdftex.def 2022/09/22 v1.2b Graphics/color driver for pdftex
\stockwidth=\dimen158
\stockheight=\dimen159
))
\Gin@req@height=\dimen160
\Gin@req@width=\dimen161
) (C:\Users\JeS73\AppData\Local\Programs\MiKTeX\tex/latex/booktabs\booktabs.sty
Package: booktabs 2020/01/12 v1.61803398 Publication quality tables
\heavyrulewidth=\dimen162
\lightrulewidth=\dimen163
\cmidrulewidth=\dimen164
\belowrulesep=\dimen165
\belowbottomsep=\dimen166
\aboverulesep=\dimen167
\abovetopsep=\dimen168
\cmidrulesep=\dimen169
\cmidrulekern=\dimen170
\defaultaddspace=\dimen171
\@cmidla=\count404
\@cmidlb=\count405
\@aboverulesep=\dimen172
\@belowrulesep=\dimen173
\@thisruleclass=\count406
\@lastruleclass=\count407
\@thisrulewidth=\dimen174
) (C:\Users\JeS73\AppData\Local\Programs\MiKTeX\tex/latex/tools\array.sty
Package: array 2022/03/10 v2.5f Tabular extension package (FMi)
\col@sep=\dimen175
\ar@mcellbox=\box57
\extrarowheight=\dimen176
\NC@list=\toks30
\extratabsurround=\skip86
\backup@length=\skip87
\ar@cellbox=\box58
) (C:\Users\JeS73\AppData\Local\Programs\MiKTeX\tex/latex/paralist\paralist.sty
Package: paralist 2017/01/22 v2.7 Extended list environments
\pltopsep=\skip88
\plpartopsep=\skip89
\plitemsep=\skip90
\plparsep=\skip91
\pl@lab=\toks31
) (C:\Users\JeS73\AppData\Local\Programs\MiKTeX\tex/latex/tools\verbatim.sty
Package: verbatim 2020-07-07 v1.5u LaTeX2e package for verbatim enhancements
\every@verbatim=\toks32
\verbatim@line=\toks33
\verbatim@in@stream=\read3
) (C:\Users\JeS73\AppData\Local\Programs\MiKTeX\tex/latex/fancyhdr\fancyhdr.sty
Package: fancyhdr 2022/05/18 v4.0.3 Extensive control of page headers and footers
\f@nch@headwidth=\skip92
\f@nch@O@elh=\skip93
\f@nch@O@erh=\skip94
\f@nch@O@olh=\skip95
\f@nch@O@orh=\skip96
\f@nch@O@elf=\skip97
\f@nch@O@erf=\skip98
\f@nch@O@olf=\skip99
\f@nch@O@orf=\skip100
) (C:\Users\JeS73\AppData\Local\Programs\MiKTeX\tex/latex/sectsty\sectsty.sty
Package: sectsty 2002/02/25 v2.0.2 Commands to change all sectional heading styles


LaTeX Warning: Command \underbar  has changed.
               Check if current package is valid.


LaTeX Warning: Command \underline  has changed.
               Check if current package is valid.

) (C:\Users\JeS73\AppData\Local\Programs\MiKTeX\tex/latex/hyperref\hyperref.sty
Package: hyperref 2022-09-22 v7.00t Hypertext links for LaTeX
 (C:\Users\JeS73\AppData\Local\Programs\MiKTeX\tex/generic/kvdefinekeys\kvdefinekeys.sty
Package: kvdefinekeys 2019-12-19 v1.6 Define keys (HO)
) (C:\Users\JeS73\AppData\Local\Programs\MiKTeX\tex/generic/pdfescape\pdfescape.sty
Package: pdfescape 2019/12/09 v1.15 Implements pdfTeX's escape features (HO)
) (C:\Users\JeS73\AppData\Local\Programs\MiKTeX\tex/latex/hycolor\hycolor.sty
Package: hycolor 2020-01-27 v1.10 Color options for hyperref/bookmark (HO)
) (C:\Users\JeS73\AppData\Local\Programs\MiKTeX\tex/latex/letltxmacro\letltxmacro.sty
Package: letltxmacro 2019/12/03 v1.6 Let assignment for LaTeX macros (HO)
) (C:\Users\JeS73\AppData\Local\Programs\MiKTeX\tex/latex/auxhook\auxhook.sty
Package: auxhook 2019-12-17 v1.6 Hooks for auxiliary files (HO)
) (C:\Users\JeS73\AppData\Local\Programs\MiKTeX\tex/latex/hyperref\nameref.sty
Package: nameref 2022-05-17 v2.50 Cross-referencing by name of section
 (C:\Users\JeS73\AppData\Local\Programs\MiKTeX\tex/latex/refcount\refcount.sty
Package: refcount 2019/12/15 v3.6 Data extraction from label references (HO)
) (C:\Users\JeS73\AppData\Local\Programs\MiKTeX\tex/generic/gettitlestring\gettitlestring.sty
Package: gettitlestring 2019/12/15 v1.6 Cleanup title references (HO)
)
\c@section@level=\count408
)
\@linkdim=\dimen177
\Hy@linkcounter=\count409
\Hy@pagecounter=\count410
 (C:\Users\JeS73\AppData\Local\Programs\MiKTeX\tex/latex/hyperref\pd1enc.def
File: pd1enc.def 2022-09-22 v7.00t Hyperref: PDFDocEncoding definition (HO)
Now handling font encoding PD1 ...
... no UTF-8 mapping file for font encoding PD1
) (C:\Users\JeS73\AppData\Local\Programs\MiKTeX\tex/generic/intcalc\intcalc.sty
Package: intcalc 2019/12/15 v1.3 Expandable calculations with integers (HO)
) (C:\Users\JeS73\AppData\Local\Programs\MiKTeX\tex/generic/etexcmds\etexcmds.sty
Package: etexcmds 2019/12/15 v1.7 Avoid name clashes with e-TeX commands (HO)
)
\Hy@SavedSpaceFactor=\count411
 (C:\Users\JeS73\AppData\Local\Programs\MiKTeX\tex/latex/hyperref\puenc.def
File: puenc.def 2022-09-22 v7.00t Hyperref: PDF Unicode definition (HO)
Now handling font encoding PU ...
... no UTF-8 mapping file for font encoding PU
)
Package hyperref Info: Hyper figures OFF on input line 4162.
Package hyperref Info: Link nesting OFF on input line 4167.
Package hyperref Info: Hyper index ON on input line 4170.
Package hyperref Info: Plain pages OFF on input line 4177.
Package hyperref Info: Backreferencing OFF on input line 4182.
Package hyperref Info: Implicit mode ON; LaTeX internals redefined.
Package hyperref Info: Bookmarks ON on input line 4410.
\c@Hy@tempcnt=\count412
LaTeX Info: Redefining \url on input line 4748.
\XeTeXLinkMargin=\dimen178
 (C:\Users\JeS73\AppData\Local\Programs\MiKTeX\tex/generic/bitset\bitset.sty
Package: bitset 2019/12/09 v1.3 Handle bit-vector datatype (HO)
 (C:\Users\JeS73\AppData\Local\Programs\MiKTeX\tex/generic/bigintcalc\bigintcalc.sty
Package: bigintcalc 2019/12/15 v1.5 Expandable calculations on big integers (HO)
))
\Fld@menulength=\count413
\Field@Width=\dimen179
\Fld@charsize=\dimen180
Package hyperref Info: Hyper figures OFF on input line 6027.
Package hyperref Info: Link nesting OFF on input line 6032.
Package hyperref Info: Hyper index ON on input line 6035.
Package hyperref Info: backreferencing OFF on input line 6042.
Package hyperref Info: Link coloring OFF on input line 6047.
Package hyperref Info: Link coloring with OCG OFF on input line 6052.
Package hyperref Info: PDF/A mode OFF on input line 6057.
 (C:\Users\JeS73\AppData\Local\Programs\MiKTeX\tex/latex/base\atbegshi-ltx.sty
Package: atbegshi-ltx 2021/01/10 v1.0c Emulation of the original atbegshi
package with kernel methods
)
\Hy@abspage=\count414
\c@Item=\count415
\c@Hfootnote=\count416
)
Package hyperref Info: Driver (autodetected): hpdftex.
 (C:\Users\JeS73\AppData\Local\Programs\MiKTeX\tex/latex/hyperref\hpdftex.def
File: hpdftex.def 2022-09-22 v7.00t Hyperref driver for pdfTeX
 (C:\Users\JeS73\AppData\Local\Programs\MiKTeX\tex/latex/base\atveryend-ltx.sty
Package: atveryend-ltx 2020/08/19 v1.0a Emulation of the original atveryend package
with kernel methods
)
\Fld@listcount=\count417
\c@bookmark@seq@number=\count418
 (C:\Users\JeS73\AppData\Local\Programs\MiKTeX\tex/latex/rerunfilecheck\rerunfilecheck.sty
Package: rerunfilecheck 2022-07-10 v1.10 Rerun checks for auxiliary files (HO)
 (C:\Users\JeS73\AppData\Local\Programs\MiKTeX\tex/generic/uniquecounter\uniquecounter.sty
Package: uniquecounter 2019/12/15 v1.4 Provide unlimited unique counter (HO)
)
Package uniquecounter Info: New unique counter `rerunfilecheck' on input line 285.
)
\Hy@SectionHShift=\skip101
) (C:\Users\JeS73\AppData\Local\Programs\MiKTeX\tex/latex/base\inputenc.sty
Package: inputenc 2021/02/14 v1.3d Input encoding file
\inpenc@prehook=\toks34
\inpenc@posthook=\toks35
) (C:\Users\JeS73\AppData\Local\Programs\MiKTeX\tex/latex/parskip\parskip.sty
Package: parskip 2021-03-14 v2.0h non-zero parskip adjustments
) (C:\Users\JeS73\AppData\Local\Programs\MiKTeX\tex/latex/geometry\geometry.sty
Package: geometry 2020/01/02 v5.9 Page Geometry
 (C:\Users\JeS73\AppData\Local\Programs\MiKTeX\tex/generic/iftex\ifvtex.sty
Package: ifvtex 2019/10/25 v1.7 ifvtex legacy package. Use iftex instead.
)
\Gm@cnth=\count419
\Gm@cntv=\count420
\c@Gm@tempcnt=\count421
\Gm@bindingoffset=\dimen181
\Gm@wd@mp=\dimen182
\Gm@odd@mp=\dimen183
\Gm@even@mp=\dimen184
\Gm@layoutwidth=\dimen185
\Gm@layoutheight=\dimen186
\Gm@layouthoffset=\dimen187
\Gm@layoutvoffset=\dimen188
\Gm@dimlist=\toks36
 (C:\Users\JeS73\AppData\Local\Programs\MiKTeX\tex/latex/geometry\geometry.cfg)) (C:\Users\JeS73\AppData\Local\Programs\MiKTeX\tex/latex/tools\afterpage.sty
Package: afterpage 2014/10/28 v1.08 After-Page Package (DPC)
\AP@output=\toks37
\AP@partial=\box59
\AP@footins=\box60
) (C:\Users\JeS73\AppData\Local\Programs\MiKTeX\tex/latex/pythonhighlight\pythonhighlight.sty
Package: pythonhighlight 2017/02/09 python code highlighting; provided by Olivier Verdier <olivier.verdier@gmail.com>
 (C:\Users\JeS73\AppData\Local\Programs\MiKTeX\tex/latex/listings\listings.sty
\lst@mode=\count422
\lst@gtempboxa=\box61
\lst@token=\toks38
\lst@length=\count423
\lst@currlwidth=\dimen189
\lst@column=\count424
\lst@pos=\count425
\lst@lostspace=\dimen190
\lst@width=\dimen191
\lst@newlines=\count426
\lst@lineno=\count427
\lst@maxwidth=\dimen192
 (C:\Users\JeS73\AppData\Local\Programs\MiKTeX\tex/latex/listings\lstmisc.sty
File: lstmisc.sty 2020/03/24 1.8d (Carsten Heinz)
\c@lstnumber=\count428
\lst@skipnumbers=\count429
\lst@framebox=\box62
) (C:\Users\JeS73\AppData\Local\Programs\MiKTeX\tex/latex/listings\listings.cfg
File: listings.cfg 2020/03/24 1.8d listings configuration
))
Package: listings 2020/03/24 1.8d (Carsten Heinz)
 (C:\Users\JeS73\AppData\Local\Programs\MiKTeX\tex/latex/xcolor\xcolor.sty
Package: xcolor 2022/06/12 v2.14 LaTeX color extensions (UK)
 (C:\Users\JeS73\AppData\Local\Programs\MiKTeX\tex/latex/graphics-cfg\color.cfg
File: color.cfg 2016/01/02 v1.6 sample color configuration
)
Package xcolor Info: Driver file: pdftex.def on input line 227.
 (C:\Users\JeS73\AppData\Local\Programs\MiKTeX\tex/latex/graphics\mathcolor.ltx)
Package xcolor Info: Model `cmy' substituted by `cmy0' on input line 1353.
Package xcolor Info: Model `hsb' substituted by `rgb' on input line 1357.
Package xcolor Info: Model `RGB' extended on input line 1369.
Package xcolor Info: Model `HTML' substituted by `rgb' on input line 1371.
Package xcolor Info: Model `Hsb' substituted by `hsb' on input line 1372.
Package xcolor Info: Model `tHsb' substituted by `hsb' on input line 1373.
Package xcolor Info: Model `HSB' substituted by `hsb' on input line 1374.
Package xcolor Info: Model `Gray' substituted by `gray' on input line 1375.
Package xcolor Info: Model `wave' substituted by `hsb' on input line 1376.
)) (C:\Users\JeS73\AppData\Local\Programs\MiKTeX\tex/latex/outlines\outlines.sty
Package: outlines 2012/1/23 1.1 Ch. Pecheur
) (C:\Users\JeS73\AppData\Local\Programs\MiKTeX\tex/latex/xargs\xargs.sty
Package: xargs 2008/03/22 v1.1  extended macro definitions  (mpg)
 (C:\Users\JeS73\AppData\Local\Programs\MiKTeX\tex/latex/xkeyval\xkeyval.sty
Package: xkeyval 2022/06/16 v2.9 package option processing (HA)
 (C:\Users\JeS73\AppData\Local\Programs\MiKTeX\tex/generic/xkeyval\xkeyval.tex (C:\Users\JeS73\AppData\Local\Programs\MiKTeX\tex/generic/xkeyval\xkvutils.tex
\XKV@toks=\toks39
\XKV@tempa@toks=\toks40
)
\XKV@depth=\count430
File: xkeyval.tex 2014/12/03 v2.7a key=value parser (HA)
))
\xargs@max=\count431
\xargs@toksa=\toks41
\xargs@toksb=\toks42
) (C:\Users\JeS73\AppData\Local\Programs\MiKTeX\tex/latex/braket\braket.sty) (C:\Users\JeS73\AppData\Local\Programs\MiKTeX\tex/latex/base\textcomp.sty
Package: textcomp 2020/02/02 v2.0n Standard LaTeX package
))

Package biblatex Warning: Load 'inputenc' before biblatex.

\@quotelevel=\count432
\@quotereset=\count433
LaTeX Font Info:    Trying to load font information for OT1+ppl on input line 13.
(C:\Users\JeS73\AppData\Local\Programs\MiKTeX\tex/latex/psnfss\ot1ppl.fd
File: ot1ppl.fd 2001/06/04 font definitions for OT1/ppl.
) (report.aux)
\openout1 = `report.aux'.

LaTeX Font Info:    Checking defaults for OML/cmm/m/it on input line 13.
LaTeX Font Info:    ... okay on input line 13.
LaTeX Font Info:    Checking defaults for OMS/cmsy/m/n on input line 13.
LaTeX Font Info:    ... okay on input line 13.
LaTeX Font Info:    Checking defaults for OT1/cmr/m/n on input line 13.
LaTeX Font Info:    ... okay on input line 13.
LaTeX Font Info:    Checking defaults for T1/cmr/m/n on input line 13.
LaTeX Font Info:    ... okay on input line 13.
LaTeX Font Info:    Checking defaults for TS1/cmr/m/n on input line 13.
LaTeX Font Info:    ... okay on input line 13.
LaTeX Font Info:    Checking defaults for OMX/cmex/m/n on input line 13.
LaTeX Font Info:    ... okay on input line 13.
LaTeX Font Info:    Checking defaults for U/cmr/m/n on input line 13.
LaTeX Font Info:    ... okay on input line 13.
LaTeX Font Info:    Checking defaults for PD1/pdf/m/n on input line 13.
LaTeX Font Info:    ... okay on input line 13.
LaTeX Font Info:    Checking defaults for PU/pdf/m/n on input line 13.
LaTeX Font Info:    ... okay on input line 13.
Package biblatex Info: Trying to load language 'english'...
Package biblatex Info: ... file 'english.lbx' found.
 (C:\Users\JeS73\AppData\Local\Programs\MiKTeX\tex/latex/biblatex/lbx\english.lbx
File: english.lbx 2022/07/12 v3.18b biblatex localization (PK/MW)
)
Package biblatex Info: Input encoding 'utf8' detected.
Package biblatex Info: Automatic encoding selection.
(biblatex)             Assuming data encoding 'utf8'.
\openout3 = `report.bcf'.

Package biblatex Info: Trying to load bibliographic data...
Package biblatex Info: ... file 'report.bbl' not found.

No file report.bbl.
Package biblatex Info: Reference section=0 on input line 13.
Package biblatex Info: Reference segment=0 on input line 13.
(C:\Users\JeS73\AppData\Local\Programs\MiKTeX\tex/context/base/mkii\supp-pdf.mkii
[Loading MPS to PDF converter (version 2006.09.02).]
\scratchcounter=\count434
\scratchdimen=\dimen193
\scratchbox=\box63
\nofMPsegments=\count435
\nofMParguments=\count436
\everyMPshowfont=\toks43
\MPscratchCnt=\count437
\MPscratchDim=\dimen194
\MPnumerator=\count438
\makeMPintoPDFobject=\count439
\everyMPtoPDFconversion=\toks44
) (C:\Users\JeS73\AppData\Local\Programs\MiKTeX\tex/latex/epstopdf-pkg\epstopdf-base.sty
Package: epstopdf-base 2020-01-24 v2.11 Base part for package epstopdf
Package epstopdf-base Info: Redefining graphics rule for `.eps' on input line 485.
 (C:\Users\JeS73\AppData\Local\Programs\MiKTeX\tex/latex/00miktex\epstopdf-sys.cfg
File: epstopdf-sys.cfg 2021/03/18 v2.0 Configuration of epstopdf for MiKTeX
))
Package hyperref Info: Link coloring OFF on input line 13.
\@outlinefile=\write4
\openout4 = `report.out'.


*geometry* driver: auto-detecting
*geometry* detected driver: pdftex
*geometry* verbose mode - [ preamble ] result:
* driver: pdftex
* paper: a4paper
* layout: <same size as paper>
* layoutoffset:(h,v)=(0.0pt,0.0pt)
* modes: 
* h-part:(L,W,R)=(72.26999pt, 452.9679pt, 72.26999pt)
* v-part:(T,H,B)=(72.26999pt, 700.50687pt, 72.26999pt)
* \paperwidth=597.50787pt
* \paperheight=845.04684pt
* \textwidth=452.9679pt
* \textheight=700.50687pt
* \oddsidemargin=0.0pt
* \evensidemargin=0.0pt
* \topmargin=-37.0pt
* \headheight=12.0pt
* \headsep=25.0pt
* \topskip=10.0pt
* \footskip=30.0pt
* \marginparwidth=4.0pt
* \marginparsep=10.0pt
* \columnsep=10.0pt
* \skip\footins=9.0pt plus 4.0pt minus 2.0pt
* \hoffset=0.0pt
* \voffset=0.0pt
* \mag=1000
* \@twocolumntrue
* \@twosidefalse
* \@mparswitchfalse
* \@reversemarginfalse
* (1in=72.27pt=25.4mm, 1cm=28.453pt)

\c@lstlisting=\count440
\c@definition=\count441
LaTeX Font Info:    Trying to load font information for OML+zplm on input line 36.
(C:\Users\JeS73\AppData\Local\Programs\MiKTeX\tex/latex/psnfss\omlzplm.fd
File: omlzplm.fd 2002/09/08 Fontinst v1.914 font definitions for OML/zplm.
)
LaTeX Font Info:    Trying to load font information for OMS+zplm on input line 36.
 (C:\Users\JeS73\AppData\Local\Programs\MiKTeX\tex/latex/psnfss\omszplm.fd
File: omszplm.fd 2002/09/08 Fontinst v1.914 font definitions for OMS/zplm.
)
LaTeX Font Info:    Trying to load font information for OMX+zplm on input line 36.
 (C:\Users\JeS73\AppData\Local\Programs\MiKTeX\tex/latex/psnfss\omxzplm.fd
File: omxzplm.fd 2002/09/08 Fontinst v1.914 font definitions for OMX/zplm.
)
LaTeX Font Info:    Font shape `U/msa/m/n' will be
(Font)              scaled to size 12.50409pt on input line 36.
LaTeX Font Info:    Font shape `U/msa/m/n' will be
(Font)              scaled to size 9.37807pt on input line 36.
LaTeX Font Info:    Font shape `U/msa/m/n' will be
(Font)              scaled to size 7.29405pt on input line 36.
LaTeX Font Info:    Font shape `U/msb/m/n' will be
(Font)              scaled to size 12.50409pt on input line 36.
LaTeX Font Info:    Font shape `U/msb/m/n' will be
(Font)              scaled to size 9.37807pt on input line 36.
LaTeX Font Info:    Font shape `U/msb/m/n' will be
(Font)              scaled to size 7.29405pt on input line 36.
LaTeX Font Info:    Trying to load font information for OT1+zplm on input line 36.
 (C:\Users\JeS73\AppData\Local\Programs\MiKTeX\tex/latex/psnfss\ot1zplm.fd
File: ot1zplm.fd 2002/09/08 Fontinst v1.914 font definitions for OT1/zplm.
)

LaTeX Warning: Citation 'main' on page 1 undefined on input line 38.


Underfull \hbox (badness 1910) in paragraph at lines 38--45
[]\OT1/ppl/m/n/9 In this term pa-per project, we have looked into
 []

LaTeX Font Info:    Font shape `U/msa/m/n' will be
(Font)              scaled to size 10.42007pt on input line 53.
LaTeX Font Info:    Font shape `U/msa/m/n' will be
(Font)              scaled to size 7.91925pt on input line 53.
LaTeX Font Info:    Font shape `U/msa/m/n' will be
(Font)              scaled to size 6.25204pt on input line 53.
LaTeX Font Info:    Font shape `U/msb/m/n' will be
(Font)              scaled to size 10.42007pt on input line 53.
LaTeX Font Info:    Font shape `U/msb/m/n' will be
(Font)              scaled to size 7.91925pt on input line 53.
LaTeX Font Info:    Font shape `U/msb/m/n' will be
(Font)              scaled to size 6.25204pt on input line 53.

LaTeX Warning: Reference `fig:../slides/gi_wiki' on page 1 undefined on input line 74.

<../slides/gi_wiki.png, id=4, 831.85782pt x 468.24937pt>
File: ../slides/gi_wiki.png Graphic file (type png)
<use ../slides/gi_wiki.png>
Package pdftex.def Info: ../slides/gi_wiki.png  used on input line 78.
(pdftex.def)             Requested size: 215.81416pt x 121.4776pt.

LaTeX Warning: Citation 'wiki2' on page 1 undefined on input line 78.


LaTeX Warning: Citation 'wiki2' on page 1 undefined on input line 78.

<../slides/peter.png, id=6, 481.8pt x 481.8pt>
File: ../slides/peter.png Graphic file (type png)
<use ../slides/peter.png>
Package pdftex.def Info: ../slides/peter.png  used on input line 88.
(pdftex.def)             Requested size: 96.35829pt x 96.35829pt.

LaTeX Warning: Citation 'wiki' on page 1 undefined on input line 88.


LaTeX Warning: Citation 'wiki' on page 1 undefined on input line 88.


Underfull \hbox (badness 1609) in paragraph at lines 88--88
[]\OT1/ppl/m/n/10 Figure 2: []The Pe-tersen graph, $[]\OT1/zplm/m/n/10 (\OT1/ppl/m/n/10 10, 3, 0, 1\OT1/zplm/m/n/10 )$
 []


LaTeX Warning: Reference `fig:../slides/peter' on page 1 undefined on input line 91.

[1{C:/Users/JeS73/AppData/Local/MiKTeX/fonts/map/pdftex/pdftex.map}


 <../slides/gi_wiki.png> <../slides/peter.png>]
Underfull \hbox (badness 1400) in paragraph at lines 112--113
[]\OT1/ppl/m/n/10 Graphs in the same SRG fam-ily are co-
 []


Underfull \hbox (badness 6658) in paragraph at lines 113--116
[]\OT1/ppl/m/n/10 Each SRG sig-na-ture defin-ing a fam-ily
 []


Underfull \hbox (badness 1496) in paragraph at lines 113--116
\OT1/ppl/m/n/10 can con-tain sev-eral graphs, for in-stance,
 []


Underfull \hbox (badness 2318) in paragraph at lines 113--116
[]\OT1/zplm/m/n/10 (\OT1/ppl/m/n/10 36, 15, 6, 6\OT1/zplm/m/n/10 )$ \OT1/ppl/m/n/10 has 32,548 graphs, which
 []


LaTeX Warning: Citation 'vf2' on page 2 undefined on input line 125.


LaTeX Warning: Citation 'main' on page 2 undefined on input line 127.


Underfull \hbox (badness 2393) in paragraph at lines 129--132
[]\OT1/ppl/m/n/10 In the pa-per, the au-thors have in-ves-ti-gated
 []


Underfull \hbox (badness 6157) in paragraph at lines 129--132
\OT1/ppl/m/n/10 the dy-nam-ics of non-interacting mul-ti-par-ti-
 []


Underfull \hbox (badness 3323) in paragraph at lines 129--132
\OT1/ppl/m/n/10 cle continuous-time quan-tum ran-dom walks
 []


Underfull \hbox (badness 2856) in paragraph at lines 134--138
\OT1/ppl/m/n/10 The pa-per de-fines continuous-time quan-tum
 []

e:/Cloud/OneDrive/Present/Sem 11/P475/Project/CTQW-graph-isomorphism/report/report.tex:151: Missing } inserted.
<inserted text> 
                }
l.151 }
       
I've put in what seems to be necessary to fix
the current column of the current alignment.
Try to go on, since this might almost work.

e:/Cloud/OneDrive/Present/Sem 11/P475/Project/CTQW-graph-isomorphism/report/report.tex:151: Missing } inserted.
<inserted text> 
                }
l.151 }
       
I've put in what seems to be necessary to fix
the current column of the current alignment.
Try to go on, since this might almost work.

e:/Cloud/OneDrive/Present/Sem 11/P475/Project/CTQW-graph-isomorphism/report/report.tex:151: Extra }, or forgotten $.
\braket #1->\mathinner {\langle {#1}\rangle }
                                             
l.151 }
       
I've deleted a group-closing symbol because it seems to be
spurious, as in `$x}$'. But perhaps the } is legitimate and
you forgot something else, as in `\hbox{$x}'. In such cases
the way to recover is to insert both the forgotten and the
deleted material, e.g., by typing `I$}'.

e:/Cloud/OneDrive/Present/Sem 11/P475/Project/CTQW-graph-isomorphism/report/report.tex:151: Missing { inserted.
<inserted text> 
                {
l.151 }
       
I've put in what seems to be necessary to fix
the current column of the current alignment.
Try to go on, since this might almost work.

e:/Cloud/OneDrive/Present/Sem 11/P475/Project/CTQW-graph-isomorphism/report/report.tex:151: Missing } inserted.
<inserted text> 
                }
l.151 }
       
I've put in what seems to be necessary to fix
the current column of the current alignment.
Try to go on, since this might almost work.

e:/Cloud/OneDrive/Present/Sem 11/P475/Project/CTQW-graph-isomorphism/report/report.tex:151: Missing } inserted.
<inserted text> 
                }
l.151 }
       
I've put in what seems to be necessary to fix
the current column of the current alignment.
Try to go on, since this might almost work.

e:/Cloud/OneDrive/Present/Sem 11/P475/Project/CTQW-graph-isomorphism/report/report.tex:151: Extra }, or forgotten $.
\braket #1->\mathinner {\langle {#1}\rangle }
                                             
l.151 }
       
I've deleted a group-closing symbol because it seems to be
spurious, as in `$x}$'. But perhaps the } is legitimate and
you forgot something else, as in `\hbox{$x}'. In such cases
the way to recover is to insert both the forgotten and the
deleted material, e.g., by typing `I$}'.

e:/Cloud/OneDrive/Present/Sem 11/P475/Project/CTQW-graph-isomorphism/report/report.tex:151: Missing { inserted.
<inserted text> 
                {
l.151 }
       
I've put in what seems to be necessary to fix
the current column of the current alignment.
Try to go on, since this might almost work.

e:/Cloud/OneDrive/Present/Sem 11/P475/Project/CTQW-graph-isomorphism/report/report.tex:151: Missing } inserted.
<inserted text> 
                }
l.151 }
       
I've put in what seems to be necessary to fix
the current column of the current alignment.
Try to go on, since this might almost work.

e:/Cloud/OneDrive/Present/Sem 11/P475/Project/CTQW-graph-isomorphism/report/report.tex:151: Missing } inserted.
<inserted text> 
                }
l.151 }
       
I've put in what seems to be necessary to fix
the current column of the current alignment.
Try to go on, since this might almost work.

e:/Cloud/OneDrive/Present/Sem 11/P475/Project/CTQW-graph-isomorphism/report/report.tex:151: Extra }, or forgotten $.
\braket #1->\mathinner {\langle {#1}\rangle }
                                             
l.151 }
       
I've deleted a group-closing symbol because it seems to be
spurious, as in `$x}$'. But perhaps the } is legitimate and
you forgot something else, as in `\hbox{$x}'. In such cases
the way to recover is to insert both the forgotten and the
deleted material, e.g., by typing `I$}'.

e:/Cloud/OneDrive/Present/Sem 11/P475/Project/CTQW-graph-isomorphism/report/report.tex:151: Missing \endgroup inserted.
<inserted text> 
                \endgroup 
l.151 }
       
I've inserted something that you may have forgotten.
(See the <inserted text> above.)
With luck, this will get me unwedged. But if you
really didn't forget anything, try typing `2' now; then
my insertion and my current dilemma will both disappear.


e:/Cloud/OneDrive/Present/Sem 11/P475/Project/CTQW-graph-isomorphism/report/report.tex:151: LaTeX Error: Command \c@definition already defined.
               Or name \end... illegal, see p.192 of the manual.

See the LaTeX manual or LaTeX Companion for explanation.
Type  H <return>  for immediate help.
 ...                                              
                                                  
l.151 }
       
Your command was ignored.
Type  I <command> <return>  to replace it with another command,
or  <return>  to continue without it.

e:/Cloud/OneDrive/Present/Sem 11/P475/Project/CTQW-graph-isomorphism/report/report.tex:151: Misplaced \omit.
<recently read> \omit 
                      
l.151 }
       
I expect to see \omit only after tab marks or the \cr of
an alignment. Proceed, and I'll ignore this case.

e:/Cloud/OneDrive/Present/Sem 11/P475/Project/CTQW-graph-isomorphism/report/report.tex:151: Missing { inserted.
<inserted text> 
                {
l.151 }
       
I've put in what seems to be necessary to fix
the current column of the current alignment.
Try to go on, since this might almost work.

e:/Cloud/OneDrive/Present/Sem 11/P475/Project/CTQW-graph-isomorphism/report/report.tex:151: Missing } inserted.
<inserted text> 
                }
l.151 }
       
I've put in what seems to be necessary to fix
the current column of the current alignment.
Try to go on, since this might almost work.

e:/Cloud/OneDrive/Present/Sem 11/P475/Project/CTQW-graph-isomorphism/report/report.tex:151: Missing } inserted.
<inserted text> 
                }
l.151 }
       
I've put in what seems to be necessary to fix
the current column of the current alignment.
Try to go on, since this might almost work.

e:/Cloud/OneDrive/Present/Sem 11/P475/Project/CTQW-graph-isomorphism/report/report.tex:151: Extra }, or forgotten $.
\braket #1->\mathinner {\langle {#1}\rangle }
                                             
l.151 }
       
I've deleted a group-closing symbol because it seems to be
spurious, as in `$x}$'. But perhaps the } is legitimate and
you forgot something else, as in `\hbox{$x}'. In such cases
the way to recover is to insert both the forgotten and the
deleted material, e.g., by typing `I$}'.

e:/Cloud/OneDrive/Present/Sem 11/P475/Project/CTQW-graph-isomorphism/report/report.tex:151: Missing \endgroup inserted.
<inserted text> 
                \endgroup 
l.151 }
       
I've inserted something that you may have forgotten.
(See the <inserted text> above.)
With luck, this will get me unwedged. But if you
really didn't forget anything, try typing `2' now; then
my insertion and my current dilemma will both disappear.


e:/Cloud/OneDrive/Present/Sem 11/P475/Project/CTQW-graph-isomorphism/report/report.tex:151: LaTeX Error: Command \c@definition already defined.
               Or name \end... illegal, see p.192 of the manual.

See the LaTeX manual or LaTeX Companion for explanation.
Type  H <return>  for immediate help.
 ...                                              
                                                  
l.151 }
       
Your command was ignored.
Type  I <command> <return>  to replace it with another command,
or  <return>  to continue without it.

e:/Cloud/OneDrive/Present/Sem 11/P475/Project/CTQW-graph-isomorphism/report/report.tex:151: Misplaced \omit.
<recently read> \omit 
                      
l.151 }
       
I expect to see \omit only after tab marks or the \cr of
an alignment. Proceed, and I'll ignore this case.

e:/Cloud/OneDrive/Present/Sem 11/P475/Project/CTQW-graph-isomorphism/report/report.tex:151: Missing { inserted.
<inserted text> 
                {
l.151 }
       
I've put in what seems to be necessary to fix
the current column of the current alignment.
Try to go on, since this might almost work.

[2]
Underfull \hbox (badness 3386) in paragraph at lines 181--183
\OT1/ppl/m/n/10 func-tion with dif-fer-ent mul-ti-plic-i-ties for
 []


LaTeX Warning: Reference `fig:../slides/lim2' on page 3 undefined on input line 185.

<../slides/lim2.png, id=47, 496.10344pt x 313.17pt>
File: ../slides/lim2.png Graphic file (type png)
<use ../slides/lim2.png>
Package pdftex.def Info: ../slides/lim2.png  used on input line 187.
(pdftex.def)             Requested size: 215.81416pt x 136.23262pt.

LaTeX Warning: Citation 'main2' on page 3 undefined on input line 187.


LaTeX Warning: Citation 'main2' on page 3 undefined on input line 187.

<../slides/results.png, id=48, 499.11469pt x 359.84438pt>
File: ../slides/results.png Graphic file (type png)
<use ../slides/results.png>
Package pdftex.def Info: ../slides/results.png  used on input line 188.
(pdftex.def)             Requested size: 215.81416pt x 155.5921pt.

LaTeX Warning: Citation 'main' on page 3 undefined on input line 188.


LaTeX Warning: Citation 'main' on page 3 undefined on input line 188.

<../slides/res2.png, id=49, 595.47469pt x 185.19188pt>
File: ../slides/res2.png Graphic file (type png)
<use ../slides/res2.png>
Package pdftex.def Info: ../slides/res2.png  used on input line 189.
(pdftex.def)             Requested size: 215.81416pt x 67.11832pt.

LaTeX Warning: Citation 'main' on page 3 undefined on input line 189.


LaTeX Warning: Citation 'main' on page 3 undefined on input line 189.


LaTeX Warning: Reference `fig:../slides/results' on page 3 undefined on input line 191.


LaTeX Warning: Reference `fig:../slides/res2' on page 3 undefined on input line 191.


LaTeX Warning: Citation 'main2' on page 3 undefined on input line 193.


LaTeX Warning: Citation 'main2' on page 3 undefined on input line 207.

LaTeX Font Info:    Trying to load font information for TS1+ppl on input line 216.
(C:\Users\JeS73\AppData\Local\Programs\MiKTeX\tex/latex/psnfss\ts1ppl.fd
File: ts1ppl.fd 2001/06/04 font definitions for TS1/ppl.
)

LaTeX Warning: Citation 'proof' on page 3 undefined on input line 216.

e:/Cloud/OneDrive/Present/Sem 11/P475/Project/CTQW-graph-isomorphism/report/report.tex:216: Misplaced alignment tab character &.
<argument> ...t {srg}(16, 6, 2, 2)$ with $p = 3$ &
                                                   $p = 4$, and $\text {srg}...
l.216 }
       
I can't figure out why you would want to use a tab mark
here. If you just want an ampersand, the remedy is
simple: Just type `I\&' now. But if some right brace
up above has ended a previous alignment prematurely,
you're probably due for more error messages, and you
might try typing `S' now just to see what is salvageable.

e:/Cloud/OneDrive/Present/Sem 11/P475/Project/CTQW-graph-isomorphism/report/report.tex:216: Undefined control sequence.
<argument> ... CTQW with $p = 4$ led to an \texit 
                                                  {OutOfMemory} error. 
l.216 }
       
The control sequence at the end of the top line
of your error message was never \def'ed. If you have
misspelled it (e.g., `\hobx'), type `I' and the correct
spelling (e.g., `I\hbox'). Otherwise just continue,
and I'll forget about whatever was undefined.

[3 <../slides/lim2.png> <../slides/results.png> <../slides/res2.png>]

LaTeX Warning: Citation 'maha' on page 4 undefined on input line 235.


Underfull \hbox (badness 2221) in paragraph at lines 235--235
\OT1/ppl/m/n/10 or larger $\OML/zplm/m/it/10 N$\OT1/ppl/m/n/10 . How-ever, Ma-has-inghe et
 []


Underfull \hbox (badness 1377) in paragraph at lines 235--235
\OT1/ppl/m/n/10 al [[]] have since shown that phase-
 []


LaTeX Warning: Citation 'main3' on page 4 undefined on input line 235.


LaTeX Warning: Citation 'wang' on page 4 undefined on input line 235.


LaTeX Warning: Citation 'tama' on page 4 undefined on input line 235.

[4

] [5

]

LaTeX Warning: Empty bibliography on input line 319.

[6] (report.aux)

LaTeX Warning: There were undefined references.


LaTeX Warning: Label(s) may have changed. Rerun to get cross-references right.


Package rerunfilecheck Warning: File `report.out' has changed.
(rerunfilecheck)                Rerun to get outlines right
(rerunfilecheck)                or use package `bookmark'.

Package rerunfilecheck Info: Checksums for `report.out':
(rerunfilecheck)             Before: <no file>
(rerunfilecheck)             After:  2F6056C052D3AAE624744D3838CE11F0;1092.

Package biblatex Warning: Please (re)run Biber on the file:
(biblatex)                report
(biblatex)                and rerun LaTeX afterwards.

Package logreq Info: Writing requests to 'report.run.xml'.
\openout1 = `report.run.xml'.

 ) 
Here is how much of TeX's memory you used:
 22063 strings out of 475385
 377507 string characters out of 2776906
 1149629 words of memory out of 3000000
 43084 multiletter control sequences out of 15000+600000
 498376 words of font info for 107 fonts, out of 8000000 for 9000
 1141 hyphenation exceptions out of 8191
 65i,10n,70p,757b,1336s stack positions out of 10000i,1000n,20000p,200000b,80000s
{C:/Users/JeS73/AppData/Local/Programs/MiKTeX/fonts/enc/dvips/base/8r.enc}<C:/Users/JeS73/AppData/Local/Programs/MiKTeX/fonts/type1/public/amsfonts/cm/cmex10.pfb><C:/Users/JeS73/AppData/Local/Programs/MiKTeX/fonts/type1/public/amsfonts/cm/cmmi10.pfb><C:/Users/JeS73/AppData/Local/Programs/MiKTeX/fonts/type1/public/amsfonts/cm/cmr10.pfb><C:/Users/JeS73/AppData/Local/Programs/MiKTeX/fonts/type1/public/amsfonts/cm/cmss12.pfb><C:/Users/JeS73/AppData/Local/Programs/MiKTeX/fonts/type1/public/amsfonts/cm/cmsy10.pfb><C:/Users/JeS73/AppData/Local/Programs/MiKTeX/fonts/type1/public/mathpazo/fplmr.pfb><C:/Users/JeS73/AppData/Local/Programs/MiKTeX/fonts/type1/public/mathpazo/fplmri.pfb><C:/Users/JeS73/AppData/Local/Programs/MiKTeX/fonts/type1/urw/palatino/uplb8a.pfb><C:/Users/JeS73/AppData/Local/Programs/MiKTeX/fonts/type1/urw/palatino/uplr8a.pfb><C:/Users/JeS73/AppData/Local/Programs/MiKTeX/fonts/type1/urw/palatino/uplri8a.pfb>
Output written on report.pdf (6 pages, 410703 bytes).
PDF statistics:
 141 PDF objects out of 1000 (max. 8388607)
 42 named destinations out of 1000 (max. 500000)
 26 words of extra memory for PDF output out of 10000 (max. 10000000)

